<?xml version="1.0" encoding="UTF-8"?>
<!-- Generated by org.testng.reporters.JUnitReportReporter -->
<testsuite hostname="HDC2-D-BXM1T72" name="com.caqhgroups.qa.testcases.Sprint20Test" tests="1" failures="0" timestamp="28 Sep 2018 12:33:56 GMT" time="59.793" errors="0">
  <testcase name="homepagetest1" time="59.793" classname="com.caqhgroups.qa.testcases.Sprint20Test"/>
</testsuite>
