<?xml version="1.0" encoding="UTF-8"?>
<!-- Generated by org.testng.reporters.JUnitReportReporter -->
<testsuite hostname="HDC2-D-BXM1T72" failures="0" tests="1" name="com.caqhgroups.qa.testcases.SignInPageTest" time="6.578" errors="0" timestamp="28 Nov 2018 11:00:15 GMT">
  <testcase classname="com.caqhgroups.qa.testcases.SignInPageTest" name="loginTest" time="6.578"/>
</testsuite>
