<?xml version="1.0" encoding="UTF-8"?>
<!-- Generated by org.testng.reporters.JUnitReportReporter -->
<testsuite hostname="HDC2-D-BXM1T72" name="com.caqhgroups.qa.testcases.HomePageTest1" tests="1" failures="0" timestamp="12 Sep 2018 11:13:44 GMT" time="28.457" errors="0">
  <testcase name="homepagetest1" time="28.457" classname="com.caqhgroups.qa.testcases.HomePageTest1"/>
</testsuite>
