<?xml version="1.0" encoding="UTF-8"?>
<!-- Generated by org.testng.reporters.JUnitReportReporter -->
<testsuite hostname="HDC2-D-BXM1T72" name="com.caqhgroups.qa.testcases.HomePageTest1" tests="1" failures="0" timestamp="17 Oct 2018 13:24:48 GMT" time="42.625" errors="0">
  <testcase name="homepagetest1" time="42.625" classname="com.caqhgroups.qa.testcases.HomePageTest1"/>
</testsuite>
