<?xml version="1.0" encoding="UTF-8"?>
<!-- Generated by org.testng.reporters.JUnitReportReporter -->
<testsuite hostname="HDC2-D-BXM1T72" failures="0" tests="1" name="com.caqhgroups.qa.testcases.HomePageTest2" time="28.912" errors="0" timestamp="8 Nov 2018 12:30:48 GMT">
  <testcase classname="com.caqhgroups.qa.testcases.HomePageTest2" name="homepagetest1" time="28.912"/>
</testsuite>
