<?xml version="1.0" encoding="UTF-8"?>
<!-- Generated by org.testng.reporters.JUnitReportReporter -->
<testsuite hostname="HDC2-D-BXM1T72" failures="0" tests="1" name="com.caqhproview.qa.testcases2.POSignInPageTest" time="8.559" errors="0" timestamp="28 Nov 2018 10:27:16 GMT">
  <testcase classname="com.caqhproview.qa.testcases2.POSignInPageTest" name="loginTest" time="8.559"/>
</testsuite>
